<?xml version="1.0" encoding="UTF-8"?>
<!-- Generated by org.testng.reporters.JUnitXMLReporter -->
<testsuite ignored="0" hostname="DESKTOP-OPFM0UN" failures="0" tests="4" name="Default test" time="8.612" errors="0" timestamp="2023-12-06T22:15:29 IST">
  <testcase classname="api.test.UserTests" name="testPostUser" time="3.085"/>
  <testcase classname="api.test.UserTests" name="testGetUser" time="1.364"/>
  <testcase classname="api.test.UserTests" name="testUpdateUser" time="2.609"/>
  <testcase classname="api.test.UserTests" name="testDeleteUser" time="1.315"/>
</testsuite> <!-- Default test -->
