<?xml version="1.0" encoding="UTF-8"?>
<testng-results ignored="0" total="4" passed="4" failed="0" skipped="0">
  <reporter-output>
  </reporter-output>
  <suite started-at="2023-12-10T10:07:06 IST" name="PetSuite" finished-at="2023-12-10T10:07:16 IST" duration-ms="10148">
    <groups>
    </groups>
    <test started-at="2023-12-10T10:07:06 IST" name="PetTest" finished-at="2023-12-10T10:07:16 IST" duration-ms="10148">
      <class name="api.test.UserTests">
        <test-method is-config="true" signature="setupData()[pri:0, instance:api.test.UserTests@35ef1869]" started-at="2023-12-10T10:07:06 IST" name="setupData" finished-at="2023-12-10T10:07:06 IST" duration-ms="333" status="PASS">
          <reporter-output>
          </reporter-output>
        </test-method> <!-- setupData -->
        <test-method signature="testPostUser()[pri:1, instance:api.test.UserTests@35ef1869]" started-at="2023-12-10T10:07:06 IST" name="testPostUser" finished-at="2023-12-10T10:07:10 IST" duration-ms="4076" status="PASS">
          <reporter-output>
          </reporter-output>
        </test-method> <!-- testPostUser -->
        <test-method signature="testGetUser()[pri:2, instance:api.test.UserTests@35ef1869]" started-at="2023-12-10T10:07:10 IST" name="testGetUser" finished-at="2023-12-10T10:07:12 IST" duration-ms="1360" status="PASS">
          <reporter-output>
          </reporter-output>
        </test-method> <!-- testGetUser -->
        <test-method signature="testUpdateUser()[pri:3, instance:api.test.UserTests@35ef1869]" started-at="2023-12-10T10:07:12 IST" name="testUpdateUser" finished-at="2023-12-10T10:07:14 IST" duration-ms="2636" status="PASS">
          <reporter-output>
          </reporter-output>
        </test-method> <!-- testUpdateUser -->
        <test-method signature="testDeleteUser()[pri:4, instance:api.test.UserTests@35ef1869]" started-at="2023-12-10T10:07:14 IST" name="testDeleteUser" finished-at="2023-12-10T10:07:16 IST" duration-ms="1357" status="PASS">
          <reporter-output>
          </reporter-output>
        </test-method> <!-- testDeleteUser -->
      </class> <!-- api.test.UserTests -->
    </test> <!-- PetTest -->
  </suite> <!-- PetSuite -->
</testng-results>
