<?xml version="1.0" encoding="UTF-8"?>
<testng-results ignored="0" total="4" passed="4" failed="0" skipped="0">
  <reporter-output>
  </reporter-output>
  <suite started-at="2023-12-10T09:29:01 IST" name="PetSuite" finished-at="2023-12-10T09:29:10 IST" duration-ms="9205">
    <groups>
    </groups>
    <test started-at="2023-12-10T09:29:01 IST" name="PetTest" finished-at="2023-12-10T09:29:10 IST" duration-ms="9205">
      <class name="api.test.UserTests">
        <test-method is-config="true" signature="setupData()[pri:0, instance:api.test.UserTests@e350b40]" started-at="2023-12-10T09:29:01 IST" name="setupData" finished-at="2023-12-10T09:29:02 IST" duration-ms="169" status="PASS">
          <reporter-output>
          </reporter-output>
        </test-method> <!-- setupData -->
        <test-method signature="testPostUser()[pri:1, instance:api.test.UserTests@e350b40]" started-at="2023-12-10T09:29:02 IST" name="testPostUser" finished-at="2023-12-10T09:29:05 IST" duration-ms="3500" status="PASS">
          <reporter-output>
          </reporter-output>
        </test-method> <!-- testPostUser -->
        <test-method signature="testGetUser()[pri:2, instance:api.test.UserTests@e350b40]" started-at="2023-12-10T09:29:05 IST" name="testGetUser" finished-at="2023-12-10T09:29:07 IST" duration-ms="1365" status="PASS">
          <reporter-output>
          </reporter-output>
        </test-method> <!-- testGetUser -->
        <test-method signature="testUpdateUser()[pri:3, instance:api.test.UserTests@e350b40]" started-at="2023-12-10T09:29:07 IST" name="testUpdateUser" finished-at="2023-12-10T09:29:09 IST" duration-ms="2579" status="PASS">
          <reporter-output>
          </reporter-output>
        </test-method> <!-- testUpdateUser -->
        <test-method signature="testDeleteUser()[pri:4, instance:api.test.UserTests@e350b40]" started-at="2023-12-10T09:29:09 IST" name="testDeleteUser" finished-at="2023-12-10T09:29:10 IST" duration-ms="1284" status="PASS">
          <reporter-output>
          </reporter-output>
        </test-method> <!-- testDeleteUser -->
      </class> <!-- api.test.UserTests -->
    </test> <!-- PetTest -->
  </suite> <!-- PetSuite -->
</testng-results>
