<?xml version="1.0" encoding="UTF-8"?>
<!-- Generated by org.testng.reporters.JUnitXMLReporter -->
<testsuite ignored="0" hostname="DESKTOP-OPFM0UN" failures="0" tests="4" name="PetTest" time="10.148" errors="0" timestamp="2023-12-10T10:07:16 IST">
  <testcase classname="api.test.UserTests" name="testPostUser" time="4.076"/>
  <testcase classname="api.test.UserTests" name="testGetUser" time="1.36"/>
  <testcase classname="api.test.UserTests" name="testUpdateUser" time="2.636"/>
  <testcase classname="api.test.UserTests" name="testDeleteUser" time="1.357"/>
</testsuite> <!-- PetTest -->
