<?xml version="1.0" encoding="UTF-8"?>
<!-- Generated by org.testng.reporters.JUnitXMLReporter -->
<testsuite ignored="0" hostname="DESKTOP-OPFM0UN" failures="0" tests="4" name="PetTest" time="9.205" errors="0" timestamp="2023-12-10T09:29:11 IST">
  <testcase classname="api.test.UserTests" name="testPostUser" time="3.5"/>
  <testcase classname="api.test.UserTests" name="testGetUser" time="1.365"/>
  <testcase classname="api.test.UserTests" name="testUpdateUser" time="2.579"/>
  <testcase classname="api.test.UserTests" name="testDeleteUser" time="1.284"/>
</testsuite> <!-- PetTest -->
